Thu Apr 24 13:36:36 UTC 2025
Fri Apr 25 13:18:40 UTC 2025
Sat Apr 26 13:03:42 UTC 2025
Sun Apr 27 13:04:16 UTC 2025
Mon Apr 28 13:49:53 UTC 2025
Tue Apr 29 13:44:13 UTC 2025
Wed Apr 30 13:19:15 UTC 2025
Thu May  1 13:17:41 UTC 2025
Fri May  2 13:18:39 UTC 2025
Sat May  3 13:05:06 UTC 2025
Sun May  4 13:13:39 UTC 2025
Mon May  5 13:36:06 UTC 2025
Tue May  6 13:38:45 UTC 2025
Wed May  7 13:42:22 UTC 2025
Thu May  8 13:35:10 UTC 2025
Fri May  9 13:34:48 UTC 2025
Sat May 10 13:05:04 UTC 2025
Sun May 11 13:05:37 UTC 2025
Mon May 12 13:41:01 UTC 2025
Tue May 13 13:42:51 UTC 2025
Wed May 14 13:37:34 UTC 2025
Thu May 15 13:37:02 UTC 2025
Fri May 16 13:36:40 UTC 2025
Sat May 17 13:13:33 UTC 2025
Sun May 18 13:14:28 UTC 2025
Mon May 19 13:41:01 UTC 2025
Tue May 20 13:42:31 UTC 2025
Wed May 21 13:38:49 UTC 2025
Thu May 22 13:39:02 UTC 2025
Fri May 23 13:36:25 UTC 2025
Sat May 24 13:17:19 UTC 2025
Sun May 25 12:24:25 UTC 2025
Mon May 26 12:26:55 UTC 2025
